<?xml version="1.0" encoding="UTF-8"?>
<!-- Generated by org.testng.reporters.JUnitReportReporter -->
<testsuite hostname="swati_pc" failures="0" tests="1" name="practice.test.practiceExtentReport" time="3.425" errors="0" timestamp="2025-09-05T15:49:21 IST" skipped="0">
  <testcase classname="practice.test.practiceExtentReport" name="createContact" time="3.425">
    <system-out>
      <![CDATA[==Verified==Flipkart]]>
    </system-out>
  </testcase> <!-- createContact -->
  <system-out>
    <![CDATA[==Verified==Flipkart]]>
  </system-out>
</testsuite> <!-- practice.test.practiceExtentReport -->
