<?xml version="1.0" encoding="UTF-8"?>
<!-- Generated by org.testng.reporters.JUnitReportReporter -->
<testsuite hostname="swati_pc" failures="0" tests="1" name="com.comcast.cm.contacttest.createContact" time="10.777" errors="0" timestamp="2025-09-03T16:07:08 IST" skipped="0">
  <testcase classname="com.comcast.cm.contacttest.createContact" name="createcontactt" time="10.777"/>
</testsuite> <!-- com.comcast.cm.contacttest.createContact -->
