<?xml version="1.0" encoding="UTF-8"?>
<!-- Generated by org.testng.reporters.JUnitReportReporter -->
<testsuite hostname="swati_pc" failures="0" tests="4" name="com.crm.comcast.contacttest.createcontacttest" time="44.711" errors="0" timestamp="2025-09-03T15:24:35 IST" skipped="0">
  <testcase classname="com.crm.comcast.contacttest.createcontacttest" name="createcontactwithSupportDate" time="11.275"/>
  <testcase classname="com.crm.comcast.contacttest.createcontacttest" name="createcontact" time="10.878"/>
  <testcase classname="com.crm.comcast.contacttest.createcontacttest" name="createcontactwithSupportDate" time="11.480"/>
  <testcase classname="com.crm.comcast.contacttest.createcontacttest" name="createcontact" time="11.078"/>
</testsuite> <!-- com.crm.comcast.contacttest.createcontacttest -->
