<?xml version="1.0" encoding="UTF-8"?>
<!-- Generated by org.testng.reporters.JUnitReportReporter -->
<testsuite hostname="swati_pc" failures="0" tests="2" name="com.crm.genericbaseutility.takeSSwithtestNg" time="7.020" errors="0" timestamp="2025-09-13T15:17:36 IST" skipped="0">
  <testcase classname="com.crm.genericbaseutility.takeSSwithtestNg" name="takeSSofwebpage" time="3.223">
    <system-out>
      <![CDATA[====SS Taken Successfully]]>
    </system-out>
  </testcase> <!-- takeSSofwebpage -->
  <testcase classname="com.crm.genericbaseutility.takeSSwithtestNg" name="takeSSofwebeklement" time="3.797">
    <system-out>
      <![CDATA[====SS Taken Successfully====]]>
    </system-out>
  </testcase> <!-- takeSSofwebeklement -->
  <system-out>
    <![CDATA[====SS Taken Successfully====
====SS Taken Successfully]]>
  </system-out>
</testsuite> <!-- com.crm.genericbaseutility.takeSSwithtestNg -->
